[debug] [2022-10-31T11:39:13.748Z] ----------------------------------------------------------------------
[debug] [2022-10-31T11:39:13.751Z] Command:       C:\Program Files\nodejs\node.exe C:\Users\8th\AppData\Roaming\npm\node_modules\firebase-tools\lib\bin\firebase.js init
[debug] [2022-10-31T11:39:13.752Z] CLI Version:   11.15.0
[debug] [2022-10-31T11:39:13.753Z] Platform:      win32
[debug] [2022-10-31T11:39:13.753Z] Node Version:  v16.13.0
[debug] [2022-10-31T11:39:13.754Z] Time:          Mon Oct 31 2022 13:39:13 GMT+0200 (South Africa Standard Time)
[debug] [2022-10-31T11:39:13.755Z] ----------------------------------------------------------------------
[debug] 
[debug] [2022-10-31T11:39:13.760Z] >>> [apiv2][query] GET https://firebase-public.firebaseio.com/cli.json [none]
[debug] [2022-10-31T11:39:13.896Z] > command requires scopes: ["email","openid","https://www.googleapis.com/auth/cloudplatformprojects.readonly","https://www.googleapis.com/auth/firebase","https://www.googleapis.com/auth/cloud-platform"]
[debug] [2022-10-31T11:39:13.897Z] > authorizing via signed-in user (siznkocie@gmail.com)
[info] 
     ######## #### ########  ######## ########     ###     ######  ########
     ##        ##  ##     ## ##       ##     ##  ##   ##  ##       ##
     ######    ##  ########  ######   ########  #########  ######  ######
     ##        ##  ##    ##  ##       ##     ## ##     ##       ## ##
     ##       #### ##     ## ######## ########  ##     ##  ######  ########

You're about to initialize a Firebase project in this directory:

  C:\Users\8th\Desktop\2hr-Projects\profile

Before we get started, keep in mind:

  * You are initializing within an existing Firebase project directory

[debug] [2022-10-31T11:39:14.590Z] <<< [apiv2][status] GET https://firebase-public.firebaseio.com/cli.json 200
[debug] [2022-10-31T11:39:14.591Z] <<< [apiv2][body] GET https://firebase-public.firebaseio.com/cli.json {"cloudBuildErrorAfter":1594252800000,"cloudBuildWarnAfter":1590019200000,"defaultNode10After":1594252800000,"minVersion":"3.0.5","node8DeploysDisabledAfter":1613390400000,"node8RuntimeDisabledAfter":1615809600000,"node8WarnAfter":1600128000000}
